{
  "RSpec": {
    "coverage": {
      "/Users/rizinakhatun/projects/Bookmark-Manager/app.rb": {
        "lines": [
          1,
          1,
          1,
          null,
          1,
          1,
          1,
          null,
          null,
          1,
          2,
          2,
          null,
          1,
          1,
          null,
          1,
          1,
          1,
          null,
          null
        ]
      },
      "/Users/rizinakhatun/projects/Bookmark-Manager/lib/bookmark.rb": {
        "lines": [
          1,
          1,
          null,
          1,
          4,
          4,
          null,
          0,
          null,
          4,
          12,
          null,
          null,
          1,
          5,
          5,
          null,
          0,
          null,
          5,
          null,
          null
        ]
      },
      "/Users/rizinakhatun/projects/Bookmark-Manager/spec/features/creating_bookmarks_spec.rb": {
        "lines": [
          1,
          1,
          1,
          1,
          1,
          1,
          null,
          null,
          null
        ]
      },
      "/Users/rizinakhatun/projects/Bookmark-Manager/spec/features/index_spec.rb": {
        "lines": [
          1,
          1,
          1,
          1,
          null,
          1,
          1,
          1,
          null,
          1,
          null,
          1,
          1,
          1,
          null,
          null
        ]
      },
      "/Users/rizinakhatun/projects/Bookmark-Manager/spec/unit/bookmark_spec.rb": {
        "lines": [
          1,
          null,
          1,
          1,
          null,
          1,
          1,
          1,
          1,
          1,
          1,
          1,
          null,
          null,
          1,
          1,
          1,
          1,
          null,
          null,
          null,
          null
        ]
      }
    },
    "timestamp": 1642605878
  }
}
