{
  "RSpec": {
    "coverage": {
      "/Users/rizinakhatun/projects/Bookmark-Manager/app.rb": {
        "lines": [
          1,
          1,
          1,
          null,
          1,
          1,
          1,
          null,
          null,
          1,
          1,
          1,
          null,
          null
        ]
      },
      "/Users/rizinakhatun/projects/Bookmark-Manager/lib/bookmark.rb": {
        "lines": [
          1,
          1,
          1,
          1,
          2,
          2,
          null,
          null,
          1,
          null,
          null,
          null,
          null,
          null,
          2,
          2,
          8,
          null,
          null
        ]
      },
      "/Users/rizinakhatun/projects/Bookmark-Manager/spec/features/index_spec.rb": {
        "lines": [
          1,
          1,
          1,
          1,
          null,
          null,
          null,
          null,
          null,
          null
        ]
      },
      "/Users/rizinakhatun/projects/Bookmark-Manager/spec/unit/bookmark_spec.rb": {
        "lines": [
          1,
          null,
          1,
          3,
          null,
          1,
          1,
          null,
          null,
          1,
          1,
          null,
          null,
          1,
          1,
          1,
          null,
          1,
          null,
          null,
          null
        ]
      }
    },
    "timestamp": 1642521828
  }
}
